2025/04/28 09:24:31 Time: 2025-04-28T09:24:31Z - Node: clab-nebula-serf111 | Vec: [0.0033210360578089515 0.09150795045412308] | Error: 0.16870 | Adjustment: -0.00047 | Height: 0.00001
2025/04/28 09:24:31 Time: 2025-04-28T09:24:31Z - Node: clab-nebula-serf125 | Vec: [0.0020784784141465924 0.10439833326647202] | Error: 0.50508 | Adjustment: -0.00087 | Height: 0.00001
2025/04/28 09:24:31 Time: 2025-04-28T09:24:31Z - Node: clab-nebula-serf28 | Vec: [-0.023028751719759585 0.05569203406264715] | Error: 0.13869 | Adjustment: -0.00048 | Height: 0.00074
2025/04/28 09:24:31 Time: 2025-04-28T09:24:31Z - Node: clab-nebula-serf34 | Vec: [-0.007839723906227569 0.07573041753190576] | Error: 0.16607 | Adjustment: -0.00101 | Height: 0.00336
2025/04/28 09:24:31 Time: 2025-04-28T09:24:31Z - Node: clab-nebula-serf90 | Vec: [-0.010803752085332317 0.08947695713079967] | Error: 0.35715 | Adjustment: -0.00043 | Height: 0.00724
2025/04/28 09:24:31 Time: 2025-04-28T09:24:31Z - Node: clab-nebula-serf55 | Vec: [-0.0013450538124181333 0.07771928405727642] | Error: 0.21635 | Adjustment: -0.00180 | Height: 0.00681
2025/04/28 09:24:31 Time: 2025-04-28T09:24:31Z - Node: clab-nebula-serf85 | Vec: [-0.006617817576281464 0.0873250139868629] | Error: 0.08488 | Adjustment: -0.00113 | Height: 0.01301
2025/04/28 09:24:31 Time: 2025-04-28T09:24:31Z - Node: clab-nebula-serf87 | Vec: [-0.01177403536671457 0.08862303230246008] | Error: 0.44729 | Adjustment: -0.00028 | Height: 0.00120
2025/04/28 09:24:31 Time: 2025-04-28T09:24:31Z - Node: clab-nebula-serf160 | Vec: [-0.003085746669380136 0.12409342545417544] | Error: 0.12141 | Adjustment: -0.00092 | Height: 0.00168
2025/04/28 09:24:31 Time: 2025-04-28T09:24:31Z - Node: clab-nebula-serf21 | Vec: [-0.01184723341955224 0.06873401861332998] | Error: 0.11259 | Adjustment: -0.00049 | Height: 0.00128
2025/04/28 09:24:31 Time: 2025-04-28T09:24:31Z - Node: clab-nebula-serf27 | Vec: [-0.008724585160072141 0.07063839517942778] | Error: 0.09231 | Adjustment: -0.00028 | Height: 0.01269
2025/04/28 09:24:31 Time: 2025-04-28T09:24:31Z - Node: clab-nebula-serf38 | Vec: [-0.0057731566751287435 0.07908588928974106] | Error: 0.12151 | Adjustment: -0.00139 | Height: 0.00915
2025/04/28 09:24:31 Time: 2025-04-28T09:24:31Z - Node: clab-nebula-serf148 | Vec: [0.010467157218394323 0.1055629794879713] | Error: 0.07991 | Adjustment: 0.00034 | Height: 0.01224
2025/04/28 09:24:31 Time: 2025-04-28T09:24:31Z - Node: clab-nebula-serf153 | Vec: [0.0030468801422992107 0.10736685687914155] | Error: 0.29238 | Adjustment: -0.00064 | Height: 0.00699
2025/04/28 09:24:31 Time: 2025-04-28T09:24:31Z - Node: clab-nebula-serf161 | Vec: [-0.00239940262290564 0.12314619018549552] | Error: 0.12799 | Adjustment: -0.00172 | Height: 0.00770
2025/04/28 09:24:31 Time: 2025-04-28T09:24:31Z - Node: clab-nebula-serf54 | Vec: [-0.01090052409168783 0.08151879449078914] | Error: 0.12084 | Adjustment: -0.00227 | Height: 0.00708
2025/04/28 09:24:31 Time: 2025-04-28T09:24:31Z - Node: clab-nebula-serf101 | Vec: [0.014590502847769235 0.08921661389889478] | Error: 0.14983 | Adjustment: 0.00017 | Height: 0.00234
2025/04/28 09:24:31 Time: 2025-04-28T09:24:31Z - Node: clab-nebula-serf144 | Vec: [0.006445193411554799 0.1010749765123271] | Error: 0.15055 | Adjustment: -0.00261 | Height: 0.01493
2025/04/28 09:24:31 Time: 2025-04-28T09:24:31Z - Node: clab-nebula-serf46 | Vec: [-0.006882285969368934 0.0741032496484125] | Error: 0.12204 | Adjustment: -0.00001 | Height: 0.00338
2025/04/28 09:24:31 Time: 2025-04-28T09:24:31Z - Node: clab-nebula-serf120 | Vec: [0.04879581337814991 0.0766298344561769] | Error: 0.09684 | Adjustment: -0.00174 | Height: 0.00109
2025/04/28 09:24:31 Time: 2025-04-28T09:24:31Z - Node: clab-nebula-serf106 | Vec: [0.005323014698564879 0.0906073481923041] | Error: 0.09738 | Adjustment: -0.00142 | Height: 0.01110
2025/04/28 09:24:31 Time: 2025-04-28T09:24:31Z - Node: clab-nebula-serf138 | Vec: [0.003031974765011606 0.10442120905723122] | Error: 0.09315 | Adjustment: -0.00044 | Height: 0.02007
2025/04/28 09:24:31 Time: 2025-04-28T09:24:31Z - Node: clab-nebula-serf23 | Vec: [-0.011558463255021465 0.059488092254424176] | Error: 0.15625 | Adjustment: 0.00028 | Height: 0.00098
2025/04/28 09:24:31 Time: 2025-04-28T09:24:31Z - Node: clab-nebula-serf29 | Vec: [-0.011970037476769333 0.06725808651621576] | Error: 0.16557 | Adjustment: -0.00010 | Height: 0.00584
2025/04/28 09:24:31 Time: 2025-04-28T09:24:31Z - Node: clab-nebula-serf67 | Vec: [-0.00890810509249886 0.08902977248885544] | Error: 0.20677 | Adjustment: 0.00007 | Height: 0.00691
2025/04/28 09:24:31 Time: 2025-04-28T09:24:31Z - Node: clab-nebula-serf84 | Vec: [-0.012720152149561192 0.08986281431117628] | Error: 0.14467 | Adjustment: 0.00161 | Height: 0.01009
2025/04/28 09:24:31 Time: 2025-04-28T09:24:31Z - Node: clab-nebula-serf115 | Vec: [0.004594550588988599 0.09093340859218503] | Error: 0.05475 | Adjustment: -0.00126 | Height: 0.03882
2025/04/28 09:24:31 Time: 2025-04-28T09:24:31Z - Node: clab-nebula-serf127 | Vec: [0.0046420874824445015 0.10480442384071477] | Error: 0.11790 | Adjustment: -0.00185 | Height: 0.00340
2025/04/28 09:24:31 Time: 2025-04-28T09:24:31Z - Node: clab-nebula-serf136 | Vec: [0.001748018144940314 0.10559519251859863] | Error: 0.08786 | Adjustment: -0.00172 | Height: 0.01850
2025/04/28 09:24:31 Time: 2025-04-28T09:24:31Z - Node: clab-nebula-serf44 | Vec: [-0.003426056737222455 0.07440863486659297] | Error: 0.15614 | Adjustment: -0.00056 | Height: 0.00097
2025/04/28 09:24:31 Time: 2025-04-28T09:24:31Z - Node: clab-nebula-serf56 | Vec: [-0.00911660874613038 0.08387141166702748] | Error: 0.09337 | Adjustment: -0.00268 | Height: 0.00509
2025/04/28 09:24:31 Time: 2025-04-28T09:24:31Z - Node: clab-nebula-serf82 | Vec: [-0.0011607227668727947 0.08600434227643572] | Error: 0.06755 | Adjustment: -0.00149 | Height: 0.02474
2025/04/28 09:24:31 Time: 2025-04-28T09:24:31Z - Node: clab-nebula-serf43 | Vec: [-0.0031344388376013687 0.07809505529023066] | Error: 0.13796 | Adjustment: -0.00230 | Height: 0.01465
2025/04/28 09:24:31 Time: 2025-04-28T09:24:31Z - Node: clab-nebula-serf103 | Vec: [0.008965738753273948 0.09114786374161118] | Error: 0.08934 | Adjustment: 0.00110 | Height: 0.00558
2025/04/28 09:24:31 Time: 2025-04-28T09:24:31Z - Node: clab-nebula-serf108 | Vec: [0.002486585585563459 0.09380149915962674] | Error: 0.14611 | Adjustment: -0.00084 | Height: 0.00782
2025/04/28 09:24:31 Time: 2025-04-28T09:24:31Z - Node: clab-nebula-serf159 | Vec: [0.0003644631815649587 0.12328419611832475] | Error: 0.14031 | Adjustment: -0.00036 | Height: 0.00155
2025/04/28 09:24:31 Time: 2025-04-28T09:24:31Z - Node: clab-nebula-serf37 | Vec: [-0.008379560670018892 0.07905662666518977] | Error: 0.14106 | Adjustment: -0.00229 | Height: 0.01013
2025/04/28 09:24:31 Time: 2025-04-28T09:24:31Z - Node: clab-nebula-serf75 | Vec: [-0.004993859275428814 0.08828099939949503] | Error: 0.11854 | Adjustment: -0.00137 | Height: 0.00808
2025/04/28 09:24:31 Time: 2025-04-28T09:24:31Z - Node: clab-nebula-serf158 | Vec: [-0.005612535115658076 0.12489154160094298] | Error: 0.12869 | Adjustment: 0.00026 | Height: 0.00363
2025/04/28 09:24:31 Time: 2025-04-28T09:24:31Z - Node: clab-nebula-serf51 | Vec: [-0.010451912994786162 0.08192440381868976] | Error: 0.11420 | Adjustment: -0.00019 | Height: 0.00771
2025/04/28 09:24:31 Time: 2025-04-28T09:24:31Z - Node: clab-nebula-serf69 | Vec: [-0.0061225115890173555 0.08589763361129771] | Error: 0.12525 | Adjustment: -0.00127 | Height: 0.00578
2025/04/28 09:24:31 Time: 2025-04-28T09:24:31Z - Node: clab-nebula-serf110 | Vec: [0.0058126439907039895 0.08869368479156127] | Error: 0.15129 | Adjustment: 0.00005 | Height: 0.01030
2025/04/28 09:24:31 Time: 2025-04-28T09:24:31Z - Node: clab-nebula-serf140 | Vec: [0.002537000777198823 0.1113915043585074] | Error: 0.22309 | Adjustment: -0.00180 | Height: 0.01804
2025/04/28 09:24:31 Time: 2025-04-28T09:24:31Z - Node: clab-nebula-serf142 | Vec: [0.004518672138957208 0.10513392279188291] | Error: 0.08274 | Adjustment: -0.00092 | Height: 0.00068
2025/04/28 09:24:31 Time: 2025-04-28T09:24:31Z - Node: clab-nebula-serf9 | Vec: [-0.008256362789674997 0.08149574541439021] | Error: 0.14160 | Adjustment: -0.00086 | Height: 0.01028
2025/04/28 09:24:31 Time: 2025-04-28T09:24:31Z - Node: clab-nebula-serf22 | Vec: [-0.011812655900079738 0.06704758730642744] | Error: 0.09749 | Adjustment: -0.00106 | Height: 0.00244
2025/04/28 09:24:31 Time: 2025-04-28T09:24:31Z - Node: clab-nebula-serf25 | Vec: [-0.012024247586573066 0.06580314010020788] | Error: 0.15496 | Adjustment: -0.00017 | Height: 0.00072
2025/04/28 09:24:31 Time: 2025-04-28T09:24:31Z - Node: clab-nebula-serf145 | Vec: [0.011871493624882856 0.1128496166370185] | Error: 0.08453 | Adjustment: -0.00144 | Height: 0.00850
2025/04/28 09:24:31 Time: 2025-04-28T09:24:31Z - Node: clab-nebula-serf149 | Vec: [0.0014483128759305555 0.10111062783317858] | Error: 0.16718 | Adjustment: -0.00457 | Height: 0.02181
2025/04/28 09:24:31 Time: 2025-04-28T09:24:31Z - Node: clab-nebula-serf112 | Vec: [-0.030579093770267664 0.10731917427304014] | Error: 0.24247 | Adjustment: -0.00298 | Height: 0.00009
2025/04/28 09:24:31 Time: 2025-04-28T09:24:31Z - Node: clab-nebula-serf113 | Vec: [-0.0010570514114116498 0.09090896392115919] | Error: 0.54612 | Adjustment: -0.00097 | Height: 0.00233
2025/04/28 09:24:31 Time: 2025-04-28T09:24:31Z - Node: clab-nebula-serf19 | Vec: [-0.013975184746517716 0.08031436780888228] | Error: 0.23097 | Adjustment: -0.00023 | Height: 0.00169
2025/04/28 09:24:31 Time: 2025-04-28T09:24:31Z - Node: clab-nebula-serf74 | Vec: [-0.006497553414483533 0.0870941725935959] | Error: 0.13858 | Adjustment: -0.00148 | Height: 0.01772
2025/04/28 09:24:31 Time: 2025-04-28T09:24:31Z - Node: clab-nebula-serf92 | Vec: [-0.00891687266450567 0.08734564988133581] | Error: 0.14503 | Adjustment: 0.00073 | Height: 0.00230
2025/04/28 09:24:31 Time: 2025-04-28T09:24:31Z - Node: clab-nebula-serf109 | Vec: [0.004024405809634013 0.092966918868799] | Error: 0.09186 | Adjustment: -0.00111 | Height: 0.00008
2025/04/28 09:24:31 Time: 2025-04-28T09:24:31Z - Node: clab-nebula-serf126 | Vec: [0.004165544778825674 0.10381783928708087] | Error: 0.16334 | Adjustment: -0.00148 | Height: 0.00332
2025/04/28 09:24:31 Time: 2025-04-28T09:24:31Z - Node: clab-nebula-serf1 | Vec: [-0.023930597683326452 0.08316768931471125] | Error: 0.13641 | Adjustment: 0.00127 | Height: 0.00086
2025/04/28 09:24:31 Time: 2025-04-28T09:24:31Z - Node: clab-nebula-serf47 | Vec: [-0.00623045479101664 0.07188535103379572] | Error: 0.18572 | Adjustment: -0.00043 | Height: 0.00217
2025/04/28 09:24:31 Time: 2025-04-28T09:24:31Z - Node: clab-nebula-serf104 | Vec: [0.0033110293546923177 0.09444249521888537] | Error: 0.07644 | Adjustment: -0.00196 | Height: 0.00528
2025/04/28 09:24:31 Time: 2025-04-28T09:24:31Z - Node: clab-nebula-serf155 | Vec: [0.002395942815461804 0.10565742480220695] | Error: 0.09404 | Adjustment: -0.00068 | Height: 0.01565
2025/04/28 09:24:31 Time: 2025-04-28T09:24:31Z - Node: clab-nebula-serf26 | Vec: [-0.00971514436474405 0.07043193731669013] | Error: 0.19921 | Adjustment: -0.00223 | Height: 0.00118
2025/04/28 09:24:31 Time: 2025-04-28T09:24:31Z - Node: clab-nebula-serf78 | Vec: [-0.0066882753449019 0.08747778904412519] | Error: 0.12297 | Adjustment: -0.00172 | Height: 0.00729
2025/04/28 09:24:31 Time: 2025-04-28T09:24:31Z - Node: clab-nebula-serf117 | Vec: [0.006776218845329265 0.09188164825192986] | Error: 0.05378 | Adjustment: -0.00272 | Height: 0.03766
2025/04/28 09:24:31 Time: 2025-04-28T09:24:31Z - Node: clab-nebula-serf143 | Vec: [0.005440063141462281 0.10037111220545725] | Error: 0.10442 | Adjustment: -0.00417 | Height: 0.02324
2025/04/28 09:24:31 Time: 2025-04-28T09:24:31Z - Node: clab-nebula-serf8 | Vec: [-0.015611394087742569 0.08384899117620138] | Error: 0.18510 | Adjustment: -0.00145 | Height: 0.01135
2025/04/28 09:24:31 Time: 2025-04-28T09:24:31Z - Node: clab-nebula-serf65 | Vec: [0.0012941820152535346 0.08106768086859183] | Error: 0.09611 | Adjustment: -0.00066 | Height: 0.00809
2025/04/28 09:24:31 Time: 2025-04-28T09:24:31Z - Node: clab-nebula-serf135 | Vec: [0.0033605952814973437 0.10876526910460704] | Error: 0.10682 | Adjustment: 0.00148 | Height: 0.02905
2025/04/28 09:24:31 Time: 2025-04-28T09:24:31Z - Node: clab-nebula-serf36 | Vec: [-0.006743142469847195 0.07975618225177923] | Error: 0.23259 | Adjustment: -0.00277 | Height: 0.01146
2025/04/28 09:24:31 Time: 2025-04-28T09:24:31Z - Node: clab-nebula-serf147 | Vec: [0.019584883448358563 0.11044954333110195] | Error: 0.07882 | Adjustment: -0.00021 | Height: 0.00242
2025/04/28 09:24:31 Time: 2025-04-28T09:24:31Z - Node: clab-nebula-serf2 | Vec: [-0.009214797366488298 0.0827722349411862] | Error: 0.08121 | Adjustment: -0.00201 | Height: 0.02166
2025/04/28 09:24:31 Time: 2025-04-28T09:24:31Z - Node: clab-nebula-serf5 | Vec: [-0.021125412256237517 0.08062595494947304] | Error: 0.22294 | Adjustment: 0.00087 | Height: 0.00599
2025/04/28 09:24:31 Time: 2025-04-28T09:24:31Z - Node: clab-nebula-serf16 | Vec: [-0.013707226334231236 0.08096566167693686] | Error: 0.10677 | Adjustment: -0.00234 | Height: 0.00115
2025/04/28 09:24:31 Time: 2025-04-28T09:24:31Z - Node: clab-nebula-serf35 | Vec: [-0.006623292654851006 0.07712848153565077] | Error: 0.24416 | Adjustment: -0.00161 | Height: 0.00848
2025/04/28 09:24:31 Time: 2025-04-28T09:24:31Z - Node: clab-nebula-serf39 | Vec: [-0.00857470433408029 0.08310717875053937] | Error: 0.13736 | Adjustment: -0.00182 | Height: 0.01210
2025/04/28 09:24:31 Time: 2025-04-28T09:24:31Z - Node: clab-nebula-serf131 | Vec: [0.004914393787879775 0.10750933490149883] | Error: 0.13977 | Adjustment: 0.00190 | Height: 0.00936
2025/04/28 09:24:31 Time: 2025-04-28T09:24:31Z - Node: clab-nebula-serf18 | Vec: [-0.01345522703423904 0.08118506159135529] | Error: 0.08441 | Adjustment: -0.00045 | Height: 0.00688
2025/04/28 09:24:31 Time: 2025-04-28T09:24:31Z - Node: clab-nebula-serf61 | Vec: [-0.00761350105030852 0.08237926770645586] | Error: 0.12388 | Adjustment: -0.00101 | Height: 0.00479
2025/04/28 09:24:31 Time: 2025-04-28T09:24:31Z - Node: clab-nebula-serf83 | Vec: [-0.006185688245881721 0.08653673548900362] | Error: 0.12528 | Adjustment: -0.00073 | Height: 0.01424
2025/04/28 09:24:31 Time: 2025-04-28T09:24:31Z - Node: clab-nebula-serf98 | Vec: [0.013229723980491714 0.08687709024892765] | Error: 0.10138 | Adjustment: -0.00034 | Height: 0.00592
2025/04/28 09:24:31 Time: 2025-04-28T09:24:31Z - Node: clab-nebula-serf99 | Vec: [0.0064986116086399575 0.09365460701927493] | Error: 0.29450 | Adjustment: -0.00445 | Height: 0.01329
2025/04/28 09:24:31 Time: 2025-04-28T09:24:31Z - Node: clab-nebula-serf11 | Vec: [-0.01480080375268235 0.08341018653357758] | Error: 0.09141 | Adjustment: -0.00106 | Height: 0.00447
2025/04/28 09:24:31 Time: 2025-04-28T09:24:31Z - Node: clab-nebula-serf52 | Vec: [-0.008987869445067163 0.08259242268165586] | Error: 0.13885 | Adjustment: -0.00278 | Height: 0.00718
2025/04/28 09:24:31 Time: 2025-04-28T09:24:31Z - Node: clab-nebula-serf71 | Vec: [-0.005310911665912107 0.08840941076065818] | Error: 0.18482 | Adjustment: -0.00015 | Height: 0.00542
2025/04/28 09:24:31 Time: 2025-04-28T09:24:31Z - Node: clab-nebula-serf40 | Vec: [-0.006605190678370212 0.08214781700892129] | Error: 0.16050 | Adjustment: -0.00405 | Height: 0.01430
2025/04/28 09:24:31 Time: 2025-04-28T09:24:31Z - Node: clab-nebula-serf122 | Vec: [0.003298714924781723 0.10410339932060529] | Error: 0.14173 | Adjustment: -0.00206 | Height: 0.00258
2025/04/28 09:24:31 Time: 2025-04-28T09:24:31Z - Node: clab-nebula-serf128 | Vec: [0.003488326801961798 0.0947668945311712] | Error: 0.12502 | Adjustment: -0.00226 | Height: 0.00984
2025/04/28 09:24:31 Time: 2025-04-28T09:24:31Z - Node: clab-nebula-serf139 | Vec: [0.0009544888443733889 0.10704141749393371] | Error: 0.05692 | Adjustment: -0.00043 | Height: 0.01657
2025/04/28 09:24:31 Time: 2025-04-28T09:24:31Z - Node: clab-nebula-serf141 | Vec: [0.008470380878174383 0.11763132125324982] | Error: 0.12121 | Adjustment: -0.00040 | Height: 0.00672
2025/04/28 09:24:31 Time: 2025-04-28T09:24:31Z - Node: clab-nebula-serf13 | Vec: [-0.008605805593774269 0.0827191789124255] | Error: 0.08835 | Adjustment: -0.00142 | Height: 0.00915
2025/04/28 09:24:31 Time: 2025-04-28T09:24:31Z - Node: clab-nebula-serf14 | Vec: [-0.010102837889413898 0.08137941051035641] | Error: 0.14817 | Adjustment: -0.00188 | Height: 0.00754
2025/04/28 09:24:31 Time: 2025-04-28T09:24:31Z - Node: clab-nebula-serf15 | Vec: [-0.014478639193214888 0.08235900263897811] | Error: 0.19366 | Adjustment: -0.00059 | Height: 0.00064
2025/04/28 09:24:31 Time: 2025-04-28T09:24:31Z - Node: clab-nebula-serf60 | Vec: [-0.007197665596792762 0.08295827086521355] | Error: 0.14086 | Adjustment: 0.00058 | Height: 0.00395
2025/04/28 09:24:31 Time: 2025-04-28T09:24:31Z - Node: clab-nebula-serf132 | Vec: [0.006198739498944386 0.10952385563118194] | Error: 0.09152 | Adjustment: 0.00002 | Height: 0.01053
2025/04/28 09:24:31 Time: 2025-04-28T09:24:31Z - Node: clab-nebula-serf4 | Vec: [-0.03026486808954711 0.0807563291484322] | Error: 0.06816 | Adjustment: 0.00001 | Height: 0.00046
2025/04/28 09:24:31 Time: 2025-04-28T09:24:31Z - Node: clab-nebula-serf33 | Vec: [-0.007329896646644867 0.07851927264648784] | Error: 0.17010 | Adjustment: -0.00309 | Height: 0.00483
2025/04/28 09:24:31 Time: 2025-04-28T09:24:31Z - Node: clab-nebula-serf48 | Vec: [-0.004805774038645894 0.07557663774338387] | Error: 0.07584 | Adjustment: -0.00112 | Height: 0.00534
2025/04/28 09:24:31 Time: 2025-04-28T09:24:31Z - Node: clab-nebula-serf66 | Vec: [-0.00618837901992977 0.08812303502937119] | Error: 0.12702 | Adjustment: -0.00242 | Height: 0.00832
2025/04/28 09:24:31 Time: 2025-04-28T09:24:31Z - Node: clab-nebula-serf93 | Vec: [-0.007945019663974285 0.08712267319782728] | Error: 0.12052 | Adjustment: -0.00257 | Height: 0.00610
2025/04/28 09:24:31 Time: 2025-04-28T09:24:31Z - Node: clab-nebula-serf137 | Vec: [-4.737820536097671e-05 0.10569942158219577] | Error: 0.14026 | Adjustment: -0.00183 | Height: 0.02235
2025/04/28 09:24:31 Time: 2025-04-28T09:24:31Z - Node: clab-nebula-serf7 | Vec: [-0.012752307033532204 0.08391699154042517] | Error: 0.06404 | Adjustment: -0.00073 | Height: 0.01053
2025/04/28 09:24:31 Time: 2025-04-28T09:24:31Z - Node: clab-nebula-serf32 | Vec: [-0.008211908507480192 0.06913482919495162] | Error: 0.09673 | Adjustment: -0.00090 | Height: 0.00041
2025/04/28 09:24:31 Time: 2025-04-28T09:24:31Z - Node: clab-nebula-serf49 | Vec: [-0.0036394189907749098 0.07574117559313594] | Error: 0.11484 | Adjustment: -0.00020 | Height: 0.00001
2025/04/28 09:24:31 Time: 2025-04-28T09:24:31Z - Node: clab-nebula-serf79 | Vec: [-0.007000731485450896 0.08578862059769442] | Error: 0.25883 | Adjustment: -0.00159 | Height: 0.00421
2025/04/28 09:24:31 Time: 2025-04-28T09:24:31Z - Node: clab-nebula-serf116 | Vec: [0.024174800745934318 0.07330288121398823] | Error: 0.11816 | Adjustment: 0.00156 | Height: 0.01744
2025/04/28 09:24:31 Time: 2025-04-28T09:24:31Z - Node: clab-nebula-serf129 | Vec: [0.005891835865333692 0.09290380458899845] | Error: 0.16721 | Adjustment: -0.00002 | Height: 0.00179
2025/04/28 09:24:31 Time: 2025-04-28T09:24:31Z - Node: clab-nebula-serf6 | Vec: [-0.015786953891976895 0.08211196255879219] | Error: 0.10666 | Adjustment: -0.00128 | Height: 0.00794
2025/04/28 09:24:31 Time: 2025-04-28T09:24:31Z - Node: clab-nebula-serf10 | Vec: [-0.01585999848725848 0.08186859157137104] | Error: 0.18667 | Adjustment: -0.00237 | Height: 0.00697
2025/04/28 09:24:31 Time: 2025-04-28T09:24:31Z - Node: clab-nebula-serf63 | Vec: [-0.007298253504756146 0.082617923692798] | Error: 0.11897 | Adjustment: -0.00156 | Height: 0.00986
2025/04/28 09:24:31 Time: 2025-04-28T09:24:31Z - Node: clab-nebula-serf81 | Vec: [-0.008045355801644621 0.08703920081866852] | Error: 0.17047 | Adjustment: -0.00046 | Height: 0.00350
2025/04/28 09:24:31 Time: 2025-04-28T09:24:31Z - Node: clab-nebula-serf162 | Vec: [-0.007849949076249432 0.12283243702431397] | Error: 0.09144 | Adjustment: -0.00107 | Height: 0.01262
2025/04/28 09:24:31 Time: 2025-04-28T09:24:31Z - Node: clab-nebula-serf58 | Vec: [-0.0064667059199870185 0.08305571266169443] | Error: 0.11821 | Adjustment: -0.00136 | Height: 0.00359
2025/04/28 09:24:31 Time: 2025-04-28T09:24:31Z - Node: clab-nebula-serf68 | Vec: [-0.007202082369022957 0.08636884792881837] | Error: 0.07607 | Adjustment: -0.00063 | Height: 0.00537
2025/04/28 09:24:31 Time: 2025-04-28T09:24:31Z - Node: clab-nebula-serf80 | Vec: [-0.00505877406707686 0.08965429986580946] | Error: 0.16699 | Adjustment: -0.00058 | Height: 0.00198
2025/04/28 09:24:31 Time: 2025-04-28T09:24:31Z - Node: clab-nebula-serf70 | Vec: [-0.005425226194305326 0.08894342998176337] | Error: 0.09467 | Adjustment: -0.00177 | Height: 0.00660
2025/04/28 09:24:31 Time: 2025-04-28T09:24:31Z - Node: clab-nebula-serf114 | Vec: [0.0033476958830224784 0.0935849949852874] | Error: 0.08065 | Adjustment: -0.00129 | Height: 0.00977
2025/04/28 09:24:31 Time: 2025-04-28T09:24:31Z - Node: clab-nebula-serf119 | Vec: [0.0499150502821655 0.07827847351589784] | Error: 0.08764 | Adjustment: -0.00085 | Height: 0.00026
2025/04/28 09:24:31 Time: 2025-04-28T09:24:31Z - Node: clab-nebula-serf30 | Vec: [-0.009888376767875292 0.0673514286206851] | Error: 0.15503 | Adjustment: -0.00173 | Height: 0.00162
2025/04/28 09:24:31 Time: 2025-04-28T09:24:31Z - Node: clab-nebula-serf31 | Vec: [-0.00966989641673417 0.07125651332803705] | Error: 0.27631 | Adjustment: -0.00033 | Height: 0.00001
2025/04/28 09:24:31 Time: 2025-04-28T09:24:31Z - Node: clab-nebula-serf62 | Vec: [-0.006370354335622146 0.0823199350649782] | Error: 0.07007 | Adjustment: -0.00149 | Height: 0.00806
2025/04/28 09:24:31 Time: 2025-04-28T09:24:31Z - Node: clab-nebula-serf91 | Vec: [-0.00996882657480462 0.08968759051664774] | Error: 0.16457 | Adjustment: -0.00008 | Height: 0.00294
2025/04/28 09:24:31 Time: 2025-04-28T09:24:31Z - Node: clab-nebula-serf94 | Vec: [-0.011144493454085488 0.08721698998742661] | Error: 0.15725 | Adjustment: -0.00065 | Height: 0.00155
2025/04/28 09:24:31 Time: 2025-04-28T09:24:31Z - Node: clab-nebula-serf96 | Vec: [0.012692074533358896 0.08959520813458591] | Error: 0.24644 | Adjustment: -0.00032 | Height: 0.00010
2025/04/28 09:24:31 Time: 2025-04-28T09:24:31Z - Node: clab-nebula-serf97 | Vec: [0.015059400342758612 0.08940526187409666] | Error: 0.18621 | Adjustment: -0.00092 | Height: 0.00387
2025/04/28 09:24:31 Time: 2025-04-28T09:24:31Z - Node: clab-nebula-serf100 | Vec: [0.012841651050494037 0.09018459443591582] | Error: 0.18209 | Adjustment: 0.00026 | Height: 0.00230
2025/04/28 09:24:31 Time: 2025-04-28T09:24:31Z - Node: clab-nebula-serf42 | Vec: [-0.007450056566414486 0.07448813324935186] | Error: 0.09545 | Adjustment: -0.00048 | Height: 0.00818
2025/04/28 09:24:31 Time: 2025-04-28T09:24:31Z - Node: clab-nebula-serf59 | Vec: [-0.007299229327363717 0.08196156052365863] | Error: 0.14241 | Adjustment: -0.00094 | Height: 0.00180
2025/04/28 09:24:31 Time: 2025-04-28T09:24:31Z - Node: clab-nebula-serf64 | Vec: [-0.005393509259645935 0.08461362460509193] | Error: 0.14142 | Adjustment: -0.00381 | Height: 0.01685
2025/04/28 09:24:31 Time: 2025-04-28T09:24:31Z - Node: clab-nebula-serf156 | Vec: [0.009467617559938916 0.10428313630500317] | Error: 0.10387 | Adjustment: -0.00121 | Height: 0.01459
2025/04/28 09:24:31 Time: 2025-04-28T09:24:31Z - Node: clab-nebula-serf157 | Vec: [-0.0027465121499194215 0.1237784447194095] | Error: 0.10327 | Adjustment: -0.00058 | Height: 0.00067
2025/04/28 09:24:31 Time: 2025-04-28T09:24:31Z - Node: clab-nebula-serf86 | Vec: [-0.011860112893102315 0.08995276385890161] | Error: 0.16134 | Adjustment: 0.00019 | Height: 0.00620
2025/04/28 09:24:31 Time: 2025-04-28T09:24:31Z - Node: clab-nebula-serf123 | Vec: [0.0033794768029336312 0.09796597612895652] | Error: 0.23458 | Adjustment: -0.00410 | Height: 0.00946
2025/04/28 09:24:31 Time: 2025-04-28T09:24:31Z - Node: clab-nebula-serf20 | Vec: [-0.007571820251138289 0.06686035205243161] | Error: 0.31528 | Adjustment: -0.00255 | Height: 0.00441
2025/04/28 09:24:31 Time: 2025-04-28T09:24:31Z - Node: clab-nebula-serf24 | Vec: [-0.008727928541531108 0.07289244207120482] | Error: 0.12148 | Adjustment: -0.00094 | Height: 0.01374
2025/04/28 09:24:31 Time: 2025-04-28T09:24:31Z - Node: clab-nebula-serf50 | Vec: [-0.0019145699800524238 0.07305517329558683] | Error: 0.10174 | Adjustment: -0.00006 | Height: 0.00108
2025/04/28 09:24:31 Time: 2025-04-28T09:24:31Z - Node: clab-nebula-serf102 | Vec: [0.012147603205337275 0.0854164407402892] | Error: 0.14239 | Adjustment: -0.00250 | Height: 0.00851
2025/04/28 09:24:31 Time: 2025-04-28T09:24:31Z - Node: clab-nebula-serf107 | Vec: [0.006227426856350588 0.09056882847820144] | Error: 0.09043 | Adjustment: -0.00093 | Height: 0.00507
2025/04/28 09:24:31 Time: 2025-04-28T09:24:31Z - Node: clab-nebula-serf134 | Vec: [0.006921101371943186 0.10373166992188208] | Error: 0.10249 | Adjustment: -0.00027 | Height: 0.01612
2025/04/28 09:24:31 Time: 2025-04-28T09:24:31Z - Node: clab-nebula-serf130 | Vec: [0.004118458852466134 0.10225419044825854] | Error: 0.14650 | Adjustment: -0.00305 | Height: 0.01572
2025/04/28 09:24:31 Time: 2025-04-28T09:24:31Z - Node: clab-nebula-serf45 | Vec: [-0.0035226858859328347 0.07312646953382579] | Error: 0.22877 | Adjustment: 0.00095 | Height: 0.00386
2025/04/28 09:24:31 Time: 2025-04-28T09:24:31Z - Node: clab-nebula-serf73 | Vec: [-0.007818016175996742 0.08785694771561028] | Error: 0.12679 | Adjustment: -0.00059 | Height: 0.00549
2025/04/28 09:24:31 Time: 2025-04-28T09:24:31Z - Node: clab-nebula-serf76 | Vec: [-0.00507438491328195 0.08627129510471053] | Error: 0.24023 | Adjustment: -0.00196 | Height: 0.00193
2025/04/28 09:24:31 Time: 2025-04-28T09:24:31Z - Node: clab-nebula-serf89 | Vec: [-0.009488618722957934 0.0877677146795733] | Error: 0.21842 | Adjustment: -0.00024 | Height: 0.01034
2025/04/28 09:24:31 Time: 2025-04-28T09:24:31Z - Node: clab-nebula-serf118 | Vec: [0.050404024516513865 0.08019789710957942] | Error: 0.10713 | Adjustment: -0.00095 | Height: 0.00011
2025/04/28 09:24:31 Time: 2025-04-28T09:24:31Z - Node: clab-nebula-serf121 | Vec: [-0.003147240289144875 0.10431145678226879] | Error: 0.52281 | Adjustment: -0.00094 | Height: 0.00807
2025/04/28 09:24:31 Time: 2025-04-28T09:24:31Z - Node: clab-nebula-serf152 | Vec: [0.003269378620632079 0.10311904258185356] | Error: 0.15415 | Adjustment: -0.00216 | Height: 0.01885
2025/04/28 09:24:31 Time: 2025-04-28T09:24:31Z - Node: clab-nebula-serf41 | Vec: [-0.00921915554087029 0.07822002327464676] | Error: 0.14933 | Adjustment: -0.00252 | Height: 0.01217
2025/04/28 09:24:31 Time: 2025-04-28T09:24:31Z - Node: clab-nebula-serf57 | Vec: [-0.007400236955835856 0.08167104498106352] | Error: 0.08838 | Adjustment: -0.00132 | Height: 0.00309
2025/04/28 09:24:31 Time: 2025-04-28T09:24:31Z - Node: clab-nebula-serf88 | Vec: [-0.012439606729012757 0.09002256280963551] | Error: 0.17165 | Adjustment: -0.00162 | Height: 0.00769
2025/04/28 09:24:31 Time: 2025-04-28T09:24:31Z - Node: clab-nebula-serf124 | Vec: [0.004000526923076325 0.10389843644730602] | Error: 0.34235 | Adjustment: -0.00227 | Height: 0.00119
2025/04/28 09:24:31 Time: 2025-04-28T09:24:31Z - Node: clab-nebula-serf133 | Vec: [0.013919946661204973 0.11272620376538636] | Error: 0.17836 | Adjustment: -0.00048 | Height: 0.00621
2025/04/28 09:24:31 Time: 2025-04-28T09:24:31Z - Node: clab-nebula-serf146 | Vec: [0.0026850215746389177 0.1062182586825177] | Error: 0.06590 | Adjustment: -0.00065 | Height: 0.01648
2025/04/28 09:24:31 Time: 2025-04-28T09:24:31Z - Node: clab-nebula-serf151 | Vec: [0.006643336659594573 0.11262488339191011] | Error: 0.08667 | Adjustment: -0.00154 | Height: 0.01030
2025/04/28 09:24:31 Time: 2025-04-28T09:24:31Z - Node: clab-nebula-serf3 | Vec: [-0.02935227906835694 0.08220104256401863] | Error: 0.07711 | Adjustment: -0.00040 | Height: 0.00150
2025/04/28 09:24:31 Time: 2025-04-28T09:24:31Z - Node: clab-nebula-serf12 | Vec: [-0.010141082656353205 0.08109826245859054] | Error: 0.21618 | Adjustment: -0.00051 | Height: 0.00627
2025/04/28 09:24:31 Time: 2025-04-28T09:24:31Z - Node: clab-nebula-serf105 | Vec: [0.0037590750466688374 0.09187142263539208] | Error: 0.10821 | Adjustment: -0.00119 | Height: 0.00511
2025/04/28 09:24:31 Time: 2025-04-28T09:24:31Z - Node: clab-nebula-serf72 | Vec: [-0.00858848178227539 0.08830714335417307] | Error: 0.07075 | Adjustment: -0.00039 | Height: 0.00417
2025/04/28 09:24:31 Time: 2025-04-28T09:24:31Z - Node: clab-nebula-serf77 | Vec: [-0.007498544184158471 0.0888106622714511] | Error: 0.17822 | Adjustment: -0.00063 | Height: 0.00478
2025/04/28 09:24:31 Time: 2025-04-28T09:24:31Z - Node: clab-nebula-serf17 | Vec: [-0.013026174740018288 0.079797540540434] | Error: 0.17096 | Adjustment: -0.00058 | Height: 0.00197
2025/04/28 09:24:31 Time: 2025-04-28T09:24:31Z - Node: clab-nebula-serf154 | Vec: [0.006503272261625385 0.10686964708925462] | Error: 0.10806 | Adjustment: -0.00026 | Height: 0.01398
2025/04/28 09:24:31 Time: 2025-04-28T09:24:31Z - Node: clab-nebula-serf53 | Vec: [-0.007880388307416915 0.08193041265933211] | Error: 0.12302 | Adjustment: -0.00074 | Height: 0.00431
2025/04/28 09:24:31 Time: 2025-04-28T09:24:31Z - Node: clab-nebula-serf95 | Vec: [-0.01223551465569825 0.09015695165974881] | Error: 0.20024 | Adjustment: 0.00009 | Height: 0.00438
2025/04/28 09:24:31 Time: 2025-04-28T09:24:31Z - Node: clab-nebula-serf150 | Vec: [0.006029463606246224 0.104430761705708] | Error: 0.06323 | Adjustment: 0.00023 | Height: 0.00841
